<?xml version="1.0" encoding="UTF-8"?>
<testsuite xmlns:xsi="http://www.w3.org/2001/XMLSchema-instance" xsi:noNamespaceSchemaLocation="https://maven.apache.org/surefire/maven-surefire-plugin/xsd/surefire-test-report.xsd" version="3.0.1" name="com.example.app.AppTest" time="0.086" tests="1" errors="0" skipped="0" failures="0">
  <properties>
    <property name="java.specification.version" value="21"/>
    <property name="sun.jnu.encoding" value="UTF-8"/>
    <property name="java.class.path" value="/workspaces/OpenSearchVectorPilot/open-search-vector-pilot/target/test-classes:/workspaces/OpenSearchVectorPilot/open-search-vector-pilot/target/classes:/home/codespace/.m2/repository/org/springframework/boot/spring-boot-starter-web/3.3.0/spring-boot-starter-web-3.3.0.jar:/home/codespace/.m2/repository/org/springframework/boot/spring-boot-starter-json/3.3.0/spring-boot-starter-json-3.3.0.jar:/home/codespace/.m2/repository/com/fasterxml/jackson/datatype/jackson-datatype-jdk8/2.17.1/jackson-datatype-jdk8-2.17.1.jar:/home/codespace/.m2/repository/com/fasterxml/jackson/datatype/jackson-datatype-jsr310/2.17.1/jackson-datatype-jsr310-2.17.1.jar:/home/codespace/.m2/repository/com/fasterxml/jackson/module/jackson-module-parameter-names/2.17.1/jackson-module-parameter-names-2.17.1.jar:/home/codespace/.m2/repository/org/springframework/boot/spring-boot-starter-tomcat/3.3.0/spring-boot-starter-tomcat-3.3.0.jar:/home/codespace/.m2/repository/org/apache/tomcat/embed/tomcat-embed-core/10.1.24/tomcat-embed-core-10.1.24.jar:/home/codespace/.m2/repository/org/apache/tomcat/embed/tomcat-embed-el/10.1.24/tomcat-embed-el-10.1.24.jar:/home/codespace/.m2/repository/org/apache/tomcat/embed/tomcat-embed-websocket/10.1.24/tomcat-embed-websocket-10.1.24.jar:/home/codespace/.m2/repository/org/springframework/spring-web/6.1.8/spring-web-6.1.8.jar:/home/codespace/.m2/repository/org/springframework/spring-beans/6.1.8/spring-beans-6.1.8.jar:/home/codespace/.m2/repository/io/micrometer/micrometer-observation/1.13.0/micrometer-observation-1.13.0.jar:/home/codespace/.m2/repository/io/micrometer/micrometer-commons/1.13.0/micrometer-commons-1.13.0.jar:/home/codespace/.m2/repository/org/springframework/spring-webmvc/6.1.8/spring-webmvc-6.1.8.jar:/home/codespace/.m2/repository/org/springframework/spring-aop/6.1.8/spring-aop-6.1.8.jar:/home/codespace/.m2/repository/org/springframework/spring-context/6.1.8/spring-context-6.1.8.jar:/home/codespace/.m2/repository/org/springframework/spring-expression/6.1.8/spring-expression-6.1.8.jar:/home/codespace/.m2/repository/org/springframework/boot/spring-boot-starter/3.3.0/spring-boot-starter-3.3.0.jar:/home/codespace/.m2/repository/org/springframework/boot/spring-boot/3.3.0/spring-boot-3.3.0.jar:/home/codespace/.m2/repository/org/springframework/boot/spring-boot-autoconfigure/3.3.0/spring-boot-autoconfigure-3.3.0.jar:/home/codespace/.m2/repository/org/springframework/boot/spring-boot-starter-logging/3.3.0/spring-boot-starter-logging-3.3.0.jar:/home/codespace/.m2/repository/ch/qos/logback/logback-classic/1.5.6/logback-classic-1.5.6.jar:/home/codespace/.m2/repository/ch/qos/logback/logback-core/1.5.6/logback-core-1.5.6.jar:/home/codespace/.m2/repository/org/slf4j/slf4j-api/2.0.13/slf4j-api-2.0.13.jar:/home/codespace/.m2/repository/org/apache/logging/log4j/log4j-to-slf4j/2.23.1/log4j-to-slf4j-2.23.1.jar:/home/codespace/.m2/repository/org/slf4j/jul-to-slf4j/2.0.13/jul-to-slf4j-2.0.13.jar:/home/codespace/.m2/repository/jakarta/annotation/jakarta.annotation-api/2.1.1/jakarta.annotation-api-2.1.1.jar:/home/codespace/.m2/repository/org/springframework/spring-core/6.1.8/spring-core-6.1.8.jar:/home/codespace/.m2/repository/org/springframework/spring-jcl/6.1.8/spring-jcl-6.1.8.jar:/home/codespace/.m2/repository/org/yaml/snakeyaml/2.2/snakeyaml-2.2.jar:/home/codespace/.m2/repository/org/springframework/ai/spring-ai-starter-model-transformers/1.0.0/spring-ai-starter-model-transformers-1.0.0.jar:/home/codespace/.m2/repository/org/springframework/ai/spring-ai-autoconfigure-model-transformers/1.0.0/spring-ai-autoconfigure-model-transformers-1.0.0.jar:/home/codespace/.m2/repository/org/springframework/ai/spring-ai-autoconfigure-model-embedding-observation/1.0.0/spring-ai-autoconfigure-model-embedding-observation-1.0.0.jar:/home/codespace/.m2/repository/org/springframework/ai/spring-ai-transformers/1.0.0/spring-ai-transformers-1.0.0.jar:/home/codespace/.m2/repository/org/springframework/ai/spring-ai-model/1.0.0/spring-ai-model-1.0.0.jar:/home/codespace/.m2/repository/org/springframework/ai/spring-ai-commons/1.0.0/spring-ai-commons-1.0.0.jar:/home/codespace/.m2/repository/io/micrometer/micrometer-core/1.13.0/micrometer-core-1.13.0.jar:/home/codespace/.m2/repository/org/latencyutils/LatencyUtils/2.0.3/LatencyUtils-2.0.3.jar:/home/codespace/.m2/repository/io/micrometer/context-propagation/1.1.1/context-propagation-1.1.1.jar:/home/codespace/.m2/repository/com/fasterxml/jackson/module/jackson-module-jsonSchema/2.17.1/jackson-module-jsonSchema-2.17.1.jar:/home/codespace/.m2/repository/javax/validation/validation-api/1.1.0.Final/validation-api-1.1.0.Final.jar:/home/codespace/.m2/repository/com/knuddels/jtokkit/1.1.0/jtokkit-1.1.0.jar:/home/codespace/.m2/repository/org/springframework/ai/spring-ai-template-st/1.0.0/spring-ai-template-st-1.0.0.jar:/home/codespace/.m2/repository/org/antlr/ST4/4.3.4/ST4-4.3.4.jar:/home/codespace/.m2/repository/org/antlr/antlr-runtime/3.5.3/antlr-runtime-3.5.3.jar:/home/codespace/.m2/repository/org/springframework/spring-messaging/6.1.8/spring-messaging-6.1.8.jar:/home/codespace/.m2/repository/org/antlr/antlr4-runtime/4.13.1/antlr4-runtime-4.13.1.jar:/home/codespace/.m2/repository/com/github/victools/jsonschema-generator/4.37.0/jsonschema-generator-4.37.0.jar:/home/codespace/.m2/repository/com/fasterxml/classmate/1.7.0/classmate-1.7.0.jar:/home/codespace/.m2/repository/com/github/victools/jsonschema-module-jackson/4.37.0/jsonschema-module-jackson-4.37.0.jar:/home/codespace/.m2/repository/com/github/victools/jsonschema-module-swagger-2/4.37.0/jsonschema-module-swagger-2-4.37.0.jar:/home/codespace/.m2/repository/io/swagger/core/v3/swagger-annotations/2.2.25/swagger-annotations-2.2.25.jar:/home/codespace/.m2/repository/com/microsoft/onnxruntime/onnxruntime/1.19.2/onnxruntime-1.19.2.jar:/home/codespace/.m2/repository/ai/djl/pytorch/pytorch-engine/0.32.0/pytorch-engine-0.32.0.jar:/home/codespace/.m2/repository/ai/djl/api/0.32.0/api-0.32.0.jar:/home/codespace/.m2/repository/com/google/code/gson/gson/2.10.1/gson-2.10.1.jar:/home/codespace/.m2/repository/org/apache/commons/commons-compress/1.27.1/commons-compress-1.27.1.jar:/home/codespace/.m2/repository/commons-io/commons-io/2.16.1/commons-io-2.16.1.jar:/home/codespace/.m2/repository/ai/djl/model-zoo/0.32.0/model-zoo-0.32.0.jar:/home/codespace/.m2/repository/ai/djl/huggingface/tokenizers/0.32.0/tokenizers-0.32.0.jar:/home/codespace/.m2/repository/org/opensearch/client/opensearch-rest-high-level-client/2.13.0/opensearch-rest-high-level-client-2.13.0.jar:/home/codespace/.m2/repository/org/opensearch/opensearch/2.13.0/opensearch-2.13.0.jar:/home/codespace/.m2/repository/org/opensearch/opensearch-common/2.13.0/opensearch-common-2.13.0.jar:/home/codespace/.m2/repository/org/opensearch/opensearch-core/2.13.0/opensearch-core-2.13.0.jar:/home/codespace/.m2/repository/org/opensearch/opensearch-compress/2.13.0/opensearch-compress-2.13.0.jar:/home/codespace/.m2/repository/com/github/luben/zstd-jni/1.5.5-5/zstd-jni-1.5.5-5.jar:/home/codespace/.m2/repository/org/opensearch/opensearch-secure-sm/2.13.0/opensearch-secure-sm-2.13.0.jar:/home/codespace/.m2/repository/org/opensearch/opensearch-x-content/2.13.0/opensearch-x-content-2.13.0.jar:/home/codespace/.m2/repository/com/fasterxml/jackson/dataformat/jackson-dataformat-smile/2.17.1/jackson-dataformat-smile-2.17.1.jar:/home/codespace/.m2/repository/com/fasterxml/jackson/dataformat/jackson-dataformat-yaml/2.17.1/jackson-dataformat-yaml-2.17.1.jar:/home/codespace/.m2/repository/com/fasterxml/jackson/dataformat/jackson-dataformat-cbor/2.17.1/jackson-dataformat-cbor-2.17.1.jar:/home/codespace/.m2/repository/org/opensearch/opensearch-geo/2.13.0/opensearch-geo-2.13.0.jar:/home/codespace/.m2/repository/org/opensearch/opensearch-telemetry/2.13.0/opensearch-telemetry-2.13.0.jar:/home/codespace/.m2/repository/org/apache/lucene/lucene-core/9.10.0/lucene-core-9.10.0.jar:/home/codespace/.m2/repository/org/apache/lucene/lucene-analysis-common/9.10.0/lucene-analysis-common-9.10.0.jar:/home/codespace/.m2/repository/org/apache/lucene/lucene-backward-codecs/9.10.0/lucene-backward-codecs-9.10.0.jar:/home/codespace/.m2/repository/org/apache/lucene/lucene-grouping/9.10.0/lucene-grouping-9.10.0.jar:/home/codespace/.m2/repository/org/apache/lucene/lucene-highlighter/9.10.0/lucene-highlighter-9.10.0.jar:/home/codespace/.m2/repository/org/apache/lucene/lucene-join/9.10.0/lucene-join-9.10.0.jar:/home/codespace/.m2/repository/org/apache/lucene/lucene-memory/9.10.0/lucene-memory-9.10.0.jar:/home/codespace/.m2/repository/org/apache/lucene/lucene-misc/9.10.0/lucene-misc-9.10.0.jar:/home/codespace/.m2/repository/org/apache/lucene/lucene-queries/9.10.0/lucene-queries-9.10.0.jar:/home/codespace/.m2/repository/org/apache/lucene/lucene-queryparser/9.10.0/lucene-queryparser-9.10.0.jar:/home/codespace/.m2/repository/org/apache/lucene/lucene-sandbox/9.10.0/lucene-sandbox-9.10.0.jar:/home/codespace/.m2/repository/org/apache/lucene/lucene-spatial-extras/9.10.0/lucene-spatial-extras-9.10.0.jar:/home/codespace/.m2/repository/org/apache/lucene/lucene-spatial3d/9.10.0/lucene-spatial3d-9.10.0.jar:/home/codespace/.m2/repository/org/apache/lucene/lucene-suggest/9.10.0/lucene-suggest-9.10.0.jar:/home/codespace/.m2/repository/org/opensearch/opensearch-cli/2.13.0/opensearch-cli-2.13.0.jar:/home/codespace/.m2/repository/net/sf/jopt-simple/jopt-simple/5.0.4/jopt-simple-5.0.4.jar:/home/codespace/.m2/repository/joda-time/joda-time/2.12.2/joda-time-2.12.2.jar:/home/codespace/.m2/repository/com/tdunning/t-digest/3.2/t-digest-3.2.jar:/home/codespace/.m2/repository/org/hdrhistogram/HdrHistogram/2.1.12/HdrHistogram-2.1.12.jar:/home/codespace/.m2/repository/org/apache/logging/log4j/log4j-jul/2.23.1/log4j-jul-2.23.1.jar:/home/codespace/.m2/repository/net/java/dev/jna/jna/5.13.0/jna-5.13.0.jar:/home/codespace/.m2/repository/com/jcraft/jzlib/1.1.3/jzlib-1.1.3.jar:/home/codespace/.m2/repository/io/projectreactor/reactor-core/3.6.6/reactor-core-3.6.6.jar:/home/codespace/.m2/repository/org/reactivestreams/reactive-streams/1.0.4/reactive-streams-1.0.4.jar:/home/codespace/.m2/repository/com/google/protobuf/protobuf-java/3.22.3/protobuf-java-3.22.3.jar:/home/codespace/.m2/repository/org/opensearch/client/opensearch-rest-client/2.13.0/opensearch-rest-client-2.13.0.jar:/home/codespace/.m2/repository/org/apache/httpcomponents/httpasyncclient/4.1.5/httpasyncclient-4.1.5.jar:/home/codespace/.m2/repository/org/apache/httpcomponents/httpcore-nio/4.4.16/httpcore-nio-4.4.16.jar:/home/codespace/.m2/repository/org/opensearch/plugin/mapper-extras-client/2.13.0/mapper-extras-client-2.13.0.jar:/home/codespace/.m2/repository/org/opensearch/plugin/parent-join-client/2.13.0/parent-join-client-2.13.0.jar:/home/codespace/.m2/repository/org/opensearch/plugin/aggs-matrix-stats-client/2.13.0/aggs-matrix-stats-client-2.13.0.jar:/home/codespace/.m2/repository/org/opensearch/plugin/rank-eval-client/2.13.0/rank-eval-client-2.13.0.jar:/home/codespace/.m2/repository/org/opensearch/plugin/lang-mustache-client/2.13.0/lang-mustache-client-2.13.0.jar:/home/codespace/.m2/repository/com/github/spullara/mustache/java/compiler/0.9.10/compiler-0.9.10.jar:/home/codespace/.m2/repository/org/apache/httpcomponents/httpclient/4.5.13/httpclient-4.5.13.jar:/home/codespace/.m2/repository/org/apache/httpcomponents/httpcore/4.4.16/httpcore-4.4.16.jar:/home/codespace/.m2/repository/commons-logging/commons-logging/1.2/commons-logging-1.2.jar:/home/codespace/.m2/repository/commons-codec/commons-codec/1.16.1/commons-codec-1.16.1.jar:/home/codespace/.m2/repository/org/apache/logging/log4j/log4j-core/2.20.0/log4j-core-2.20.0.jar:/home/codespace/.m2/repository/org/apache/logging/log4j/log4j-api/2.23.1/log4j-api-2.23.1.jar:/home/codespace/.m2/repository/com/fasterxml/jackson/core/jackson-databind/2.17.1/jackson-databind-2.17.1.jar:/home/codespace/.m2/repository/com/fasterxml/jackson/core/jackson-core/2.17.1/jackson-core-2.17.1.jar:/home/codespace/.m2/repository/com/fasterxml/jackson/core/jackson-annotations/2.17.1/jackson-annotations-2.17.1.jar:/home/codespace/.m2/repository/org/apache/pdfbox/pdfbox/2.0.30/pdfbox-2.0.30.jar:/home/codespace/.m2/repository/org/apache/pdfbox/fontbox/2.0.30/fontbox-2.0.30.jar:/home/codespace/.m2/repository/org/junit/jupiter/junit-jupiter-api/5.10.2/junit-jupiter-api-5.10.2.jar:/home/codespace/.m2/repository/org/opentest4j/opentest4j/1.3.0/opentest4j-1.3.0.jar:/home/codespace/.m2/repository/org/junit/platform/junit-platform-commons/1.10.2/junit-platform-commons-1.10.2.jar:/home/codespace/.m2/repository/org/apiguardian/apiguardian-api/1.1.2/apiguardian-api-1.1.2.jar:/home/codespace/.m2/repository/org/junit/jupiter/junit-jupiter-params/5.10.2/junit-jupiter-params-5.10.2.jar:"/>
    <property name="java.vm.vendor" value="Microsoft"/>
    <property name="sun.arch.data.model" value="64"/>
    <property name="java.vendor.url" value="https://www.microsoft.com"/>
    <property name="os.name" value="Linux"/>
    <property name="java.vm.specification.version" value="21"/>
    <property name="sun.java.launcher" value="SUN_STANDARD"/>
    <property name="sun.boot.library.path" value="/usr/local/sdkman/candidates/java/21.0.7-ms/lib"/>
    <property name="sun.java.command" value="/workspaces/OpenSearchVectorPilot/open-search-vector-pilot/target/surefire/surefirebooter-20250630183812923_3.jar /workspaces/OpenSearchVectorPilot/open-search-vector-pilot/target/surefire 2025-06-30T18-38-12_718-jvmRun1 surefire-20250630183812923_1tmp surefire_0-20250630183812923_2tmp"/>
    <property name="jdk.debug" value="release"/>
    <property name="surefire.test.class.path" value="/workspaces/OpenSearchVectorPilot/open-search-vector-pilot/target/test-classes:/workspaces/OpenSearchVectorPilot/open-search-vector-pilot/target/classes:/home/codespace/.m2/repository/org/springframework/boot/spring-boot-starter-web/3.3.0/spring-boot-starter-web-3.3.0.jar:/home/codespace/.m2/repository/org/springframework/boot/spring-boot-starter-json/3.3.0/spring-boot-starter-json-3.3.0.jar:/home/codespace/.m2/repository/com/fasterxml/jackson/datatype/jackson-datatype-jdk8/2.17.1/jackson-datatype-jdk8-2.17.1.jar:/home/codespace/.m2/repository/com/fasterxml/jackson/datatype/jackson-datatype-jsr310/2.17.1/jackson-datatype-jsr310-2.17.1.jar:/home/codespace/.m2/repository/com/fasterxml/jackson/module/jackson-module-parameter-names/2.17.1/jackson-module-parameter-names-2.17.1.jar:/home/codespace/.m2/repository/org/springframework/boot/spring-boot-starter-tomcat/3.3.0/spring-boot-starter-tomcat-3.3.0.jar:/home/codespace/.m2/repository/org/apache/tomcat/embed/tomcat-embed-core/10.1.24/tomcat-embed-core-10.1.24.jar:/home/codespace/.m2/repository/org/apache/tomcat/embed/tomcat-embed-el/10.1.24/tomcat-embed-el-10.1.24.jar:/home/codespace/.m2/repository/org/apache/tomcat/embed/tomcat-embed-websocket/10.1.24/tomcat-embed-websocket-10.1.24.jar:/home/codespace/.m2/repository/org/springframework/spring-web/6.1.8/spring-web-6.1.8.jar:/home/codespace/.m2/repository/org/springframework/spring-beans/6.1.8/spring-beans-6.1.8.jar:/home/codespace/.m2/repository/io/micrometer/micrometer-observation/1.13.0/micrometer-observation-1.13.0.jar:/home/codespace/.m2/repository/io/micrometer/micrometer-commons/1.13.0/micrometer-commons-1.13.0.jar:/home/codespace/.m2/repository/org/springframework/spring-webmvc/6.1.8/spring-webmvc-6.1.8.jar:/home/codespace/.m2/repository/org/springframework/spring-aop/6.1.8/spring-aop-6.1.8.jar:/home/codespace/.m2/repository/org/springframework/spring-context/6.1.8/spring-context-6.1.8.jar:/home/codespace/.m2/repository/org/springframework/spring-expression/6.1.8/spring-expression-6.1.8.jar:/home/codespace/.m2/repository/org/springframework/boot/spring-boot-starter/3.3.0/spring-boot-starter-3.3.0.jar:/home/codespace/.m2/repository/org/springframework/boot/spring-boot/3.3.0/spring-boot-3.3.0.jar:/home/codespace/.m2/repository/org/springframework/boot/spring-boot-autoconfigure/3.3.0/spring-boot-autoconfigure-3.3.0.jar:/home/codespace/.m2/repository/org/springframework/boot/spring-boot-starter-logging/3.3.0/spring-boot-starter-logging-3.3.0.jar:/home/codespace/.m2/repository/ch/qos/logback/logback-classic/1.5.6/logback-classic-1.5.6.jar:/home/codespace/.m2/repository/ch/qos/logback/logback-core/1.5.6/logback-core-1.5.6.jar:/home/codespace/.m2/repository/org/slf4j/slf4j-api/2.0.13/slf4j-api-2.0.13.jar:/home/codespace/.m2/repository/org/apache/logging/log4j/log4j-to-slf4j/2.23.1/log4j-to-slf4j-2.23.1.jar:/home/codespace/.m2/repository/org/slf4j/jul-to-slf4j/2.0.13/jul-to-slf4j-2.0.13.jar:/home/codespace/.m2/repository/jakarta/annotation/jakarta.annotation-api/2.1.1/jakarta.annotation-api-2.1.1.jar:/home/codespace/.m2/repository/org/springframework/spring-core/6.1.8/spring-core-6.1.8.jar:/home/codespace/.m2/repository/org/springframework/spring-jcl/6.1.8/spring-jcl-6.1.8.jar:/home/codespace/.m2/repository/org/yaml/snakeyaml/2.2/snakeyaml-2.2.jar:/home/codespace/.m2/repository/org/springframework/ai/spring-ai-starter-model-transformers/1.0.0/spring-ai-starter-model-transformers-1.0.0.jar:/home/codespace/.m2/repository/org/springframework/ai/spring-ai-autoconfigure-model-transformers/1.0.0/spring-ai-autoconfigure-model-transformers-1.0.0.jar:/home/codespace/.m2/repository/org/springframework/ai/spring-ai-autoconfigure-model-embedding-observation/1.0.0/spring-ai-autoconfigure-model-embedding-observation-1.0.0.jar:/home/codespace/.m2/repository/org/springframework/ai/spring-ai-transformers/1.0.0/spring-ai-transformers-1.0.0.jar:/home/codespace/.m2/repository/org/springframework/ai/spring-ai-model/1.0.0/spring-ai-model-1.0.0.jar:/home/codespace/.m2/repository/org/springframework/ai/spring-ai-commons/1.0.0/spring-ai-commons-1.0.0.jar:/home/codespace/.m2/repository/io/micrometer/micrometer-core/1.13.0/micrometer-core-1.13.0.jar:/home/codespace/.m2/repository/org/latencyutils/LatencyUtils/2.0.3/LatencyUtils-2.0.3.jar:/home/codespace/.m2/repository/io/micrometer/context-propagation/1.1.1/context-propagation-1.1.1.jar:/home/codespace/.m2/repository/com/fasterxml/jackson/module/jackson-module-jsonSchema/2.17.1/jackson-module-jsonSchema-2.17.1.jar:/home/codespace/.m2/repository/javax/validation/validation-api/1.1.0.Final/validation-api-1.1.0.Final.jar:/home/codespace/.m2/repository/com/knuddels/jtokkit/1.1.0/jtokkit-1.1.0.jar:/home/codespace/.m2/repository/org/springframework/ai/spring-ai-template-st/1.0.0/spring-ai-template-st-1.0.0.jar:/home/codespace/.m2/repository/org/antlr/ST4/4.3.4/ST4-4.3.4.jar:/home/codespace/.m2/repository/org/antlr/antlr-runtime/3.5.3/antlr-runtime-3.5.3.jar:/home/codespace/.m2/repository/org/springframework/spring-messaging/6.1.8/spring-messaging-6.1.8.jar:/home/codespace/.m2/repository/org/antlr/antlr4-runtime/4.13.1/antlr4-runtime-4.13.1.jar:/home/codespace/.m2/repository/com/github/victools/jsonschema-generator/4.37.0/jsonschema-generator-4.37.0.jar:/home/codespace/.m2/repository/com/fasterxml/classmate/1.7.0/classmate-1.7.0.jar:/home/codespace/.m2/repository/com/github/victools/jsonschema-module-jackson/4.37.0/jsonschema-module-jackson-4.37.0.jar:/home/codespace/.m2/repository/com/github/victools/jsonschema-module-swagger-2/4.37.0/jsonschema-module-swagger-2-4.37.0.jar:/home/codespace/.m2/repository/io/swagger/core/v3/swagger-annotations/2.2.25/swagger-annotations-2.2.25.jar:/home/codespace/.m2/repository/com/microsoft/onnxruntime/onnxruntime/1.19.2/onnxruntime-1.19.2.jar:/home/codespace/.m2/repository/ai/djl/pytorch/pytorch-engine/0.32.0/pytorch-engine-0.32.0.jar:/home/codespace/.m2/repository/ai/djl/api/0.32.0/api-0.32.0.jar:/home/codespace/.m2/repository/com/google/code/gson/gson/2.10.1/gson-2.10.1.jar:/home/codespace/.m2/repository/org/apache/commons/commons-compress/1.27.1/commons-compress-1.27.1.jar:/home/codespace/.m2/repository/commons-io/commons-io/2.16.1/commons-io-2.16.1.jar:/home/codespace/.m2/repository/ai/djl/model-zoo/0.32.0/model-zoo-0.32.0.jar:/home/codespace/.m2/repository/ai/djl/huggingface/tokenizers/0.32.0/tokenizers-0.32.0.jar:/home/codespace/.m2/repository/org/opensearch/client/opensearch-rest-high-level-client/2.13.0/opensearch-rest-high-level-client-2.13.0.jar:/home/codespace/.m2/repository/org/opensearch/opensearch/2.13.0/opensearch-2.13.0.jar:/home/codespace/.m2/repository/org/opensearch/opensearch-common/2.13.0/opensearch-common-2.13.0.jar:/home/codespace/.m2/repository/org/opensearch/opensearch-core/2.13.0/opensearch-core-2.13.0.jar:/home/codespace/.m2/repository/org/opensearch/opensearch-compress/2.13.0/opensearch-compress-2.13.0.jar:/home/codespace/.m2/repository/com/github/luben/zstd-jni/1.5.5-5/zstd-jni-1.5.5-5.jar:/home/codespace/.m2/repository/org/opensearch/opensearch-secure-sm/2.13.0/opensearch-secure-sm-2.13.0.jar:/home/codespace/.m2/repository/org/opensearch/opensearch-x-content/2.13.0/opensearch-x-content-2.13.0.jar:/home/codespace/.m2/repository/com/fasterxml/jackson/dataformat/jackson-dataformat-smile/2.17.1/jackson-dataformat-smile-2.17.1.jar:/home/codespace/.m2/repository/com/fasterxml/jackson/dataformat/jackson-dataformat-yaml/2.17.1/jackson-dataformat-yaml-2.17.1.jar:/home/codespace/.m2/repository/com/fasterxml/jackson/dataformat/jackson-dataformat-cbor/2.17.1/jackson-dataformat-cbor-2.17.1.jar:/home/codespace/.m2/repository/org/opensearch/opensearch-geo/2.13.0/opensearch-geo-2.13.0.jar:/home/codespace/.m2/repository/org/opensearch/opensearch-telemetry/2.13.0/opensearch-telemetry-2.13.0.jar:/home/codespace/.m2/repository/org/apache/lucene/lucene-core/9.10.0/lucene-core-9.10.0.jar:/home/codespace/.m2/repository/org/apache/lucene/lucene-analysis-common/9.10.0/lucene-analysis-common-9.10.0.jar:/home/codespace/.m2/repository/org/apache/lucene/lucene-backward-codecs/9.10.0/lucene-backward-codecs-9.10.0.jar:/home/codespace/.m2/repository/org/apache/lucene/lucene-grouping/9.10.0/lucene-grouping-9.10.0.jar:/home/codespace/.m2/repository/org/apache/lucene/lucene-highlighter/9.10.0/lucene-highlighter-9.10.0.jar:/home/codespace/.m2/repository/org/apache/lucene/lucene-join/9.10.0/lucene-join-9.10.0.jar:/home/codespace/.m2/repository/org/apache/lucene/lucene-memory/9.10.0/lucene-memory-9.10.0.jar:/home/codespace/.m2/repository/org/apache/lucene/lucene-misc/9.10.0/lucene-misc-9.10.0.jar:/home/codespace/.m2/repository/org/apache/lucene/lucene-queries/9.10.0/lucene-queries-9.10.0.jar:/home/codespace/.m2/repository/org/apache/lucene/lucene-queryparser/9.10.0/lucene-queryparser-9.10.0.jar:/home/codespace/.m2/repository/org/apache/lucene/lucene-sandbox/9.10.0/lucene-sandbox-9.10.0.jar:/home/codespace/.m2/repository/org/apache/lucene/lucene-spatial-extras/9.10.0/lucene-spatial-extras-9.10.0.jar:/home/codespace/.m2/repository/org/apache/lucene/lucene-spatial3d/9.10.0/lucene-spatial3d-9.10.0.jar:/home/codespace/.m2/repository/org/apache/lucene/lucene-suggest/9.10.0/lucene-suggest-9.10.0.jar:/home/codespace/.m2/repository/org/opensearch/opensearch-cli/2.13.0/opensearch-cli-2.13.0.jar:/home/codespace/.m2/repository/net/sf/jopt-simple/jopt-simple/5.0.4/jopt-simple-5.0.4.jar:/home/codespace/.m2/repository/joda-time/joda-time/2.12.2/joda-time-2.12.2.jar:/home/codespace/.m2/repository/com/tdunning/t-digest/3.2/t-digest-3.2.jar:/home/codespace/.m2/repository/org/hdrhistogram/HdrHistogram/2.1.12/HdrHistogram-2.1.12.jar:/home/codespace/.m2/repository/org/apache/logging/log4j/log4j-jul/2.23.1/log4j-jul-2.23.1.jar:/home/codespace/.m2/repository/net/java/dev/jna/jna/5.13.0/jna-5.13.0.jar:/home/codespace/.m2/repository/com/jcraft/jzlib/1.1.3/jzlib-1.1.3.jar:/home/codespace/.m2/repository/io/projectreactor/reactor-core/3.6.6/reactor-core-3.6.6.jar:/home/codespace/.m2/repository/org/reactivestreams/reactive-streams/1.0.4/reactive-streams-1.0.4.jar:/home/codespace/.m2/repository/com/google/protobuf/protobuf-java/3.22.3/protobuf-java-3.22.3.jar:/home/codespace/.m2/repository/org/opensearch/client/opensearch-rest-client/2.13.0/opensearch-rest-client-2.13.0.jar:/home/codespace/.m2/repository/org/apache/httpcomponents/httpasyncclient/4.1.5/httpasyncclient-4.1.5.jar:/home/codespace/.m2/repository/org/apache/httpcomponents/httpcore-nio/4.4.16/httpcore-nio-4.4.16.jar:/home/codespace/.m2/repository/org/opensearch/plugin/mapper-extras-client/2.13.0/mapper-extras-client-2.13.0.jar:/home/codespace/.m2/repository/org/opensearch/plugin/parent-join-client/2.13.0/parent-join-client-2.13.0.jar:/home/codespace/.m2/repository/org/opensearch/plugin/aggs-matrix-stats-client/2.13.0/aggs-matrix-stats-client-2.13.0.jar:/home/codespace/.m2/repository/org/opensearch/plugin/rank-eval-client/2.13.0/rank-eval-client-2.13.0.jar:/home/codespace/.m2/repository/org/opensearch/plugin/lang-mustache-client/2.13.0/lang-mustache-client-2.13.0.jar:/home/codespace/.m2/repository/com/github/spullara/mustache/java/compiler/0.9.10/compiler-0.9.10.jar:/home/codespace/.m2/repository/org/apache/httpcomponents/httpclient/4.5.13/httpclient-4.5.13.jar:/home/codespace/.m2/repository/org/apache/httpcomponents/httpcore/4.4.16/httpcore-4.4.16.jar:/home/codespace/.m2/repository/commons-logging/commons-logging/1.2/commons-logging-1.2.jar:/home/codespace/.m2/repository/commons-codec/commons-codec/1.16.1/commons-codec-1.16.1.jar:/home/codespace/.m2/repository/org/apache/logging/log4j/log4j-core/2.20.0/log4j-core-2.20.0.jar:/home/codespace/.m2/repository/org/apache/logging/log4j/log4j-api/2.23.1/log4j-api-2.23.1.jar:/home/codespace/.m2/repository/com/fasterxml/jackson/core/jackson-databind/2.17.1/jackson-databind-2.17.1.jar:/home/codespace/.m2/repository/com/fasterxml/jackson/core/jackson-core/2.17.1/jackson-core-2.17.1.jar:/home/codespace/.m2/repository/com/fasterxml/jackson/core/jackson-annotations/2.17.1/jackson-annotations-2.17.1.jar:/home/codespace/.m2/repository/org/apache/pdfbox/pdfbox/2.0.30/pdfbox-2.0.30.jar:/home/codespace/.m2/repository/org/apache/pdfbox/fontbox/2.0.30/fontbox-2.0.30.jar:/home/codespace/.m2/repository/org/junit/jupiter/junit-jupiter-api/5.10.2/junit-jupiter-api-5.10.2.jar:/home/codespace/.m2/repository/org/opentest4j/opentest4j/1.3.0/opentest4j-1.3.0.jar:/home/codespace/.m2/repository/org/junit/platform/junit-platform-commons/1.10.2/junit-platform-commons-1.10.2.jar:/home/codespace/.m2/repository/org/apiguardian/apiguardian-api/1.1.2/apiguardian-api-1.1.2.jar:/home/codespace/.m2/repository/org/junit/jupiter/junit-jupiter-params/5.10.2/junit-jupiter-params-5.10.2.jar:"/>
    <property name="sun.cpu.endian" value="little"/>
    <property name="user.home" value="/home/codespace"/>
    <property name="user.language" value="en"/>
    <property name="java.specification.vendor" value="Oracle Corporation"/>
    <property name="java.version.date" value="2025-04-15"/>
    <property name="java.home" value="/usr/local/sdkman/candidates/java/21.0.7-ms"/>
    <property name="file.separator" value="/"/>
    <property name="basedir" value="/workspaces/OpenSearchVectorPilot/open-search-vector-pilot"/>
    <property name="java.vm.compressedOopsMode" value="32-bit"/>
    <property name="line.separator" value="&#10;"/>
    <property name="java.specification.name" value="Java Platform API Specification"/>
    <property name="java.vm.specification.vendor" value="Oracle Corporation"/>
    <property name="surefire.real.class.path" value="/workspaces/OpenSearchVectorPilot/open-search-vector-pilot/target/surefire/surefirebooter-20250630183812923_3.jar"/>
    <property name="sun.management.compiler" value="HotSpot 64-Bit Tiered Compilers"/>
    <property name="java.runtime.version" value="21.0.7+6-LTS"/>
    <property name="user.name" value="codespace"/>
    <property name="stdout.encoding" value="UTF-8"/>
    <property name="path.separator" value=":"/>
    <property name="os.version" value="6.8.0-1027-azure"/>
    <property name="java.runtime.name" value="OpenJDK Runtime Environment"/>
    <property name="file.encoding" value="UTF-8"/>
    <property name="java.vm.name" value="OpenJDK 64-Bit Server VM"/>
    <property name="java.vendor.version" value="Microsoft-11369942"/>
    <property name="localRepository" value="/home/codespace/.m2/repository"/>
    <property name="java.vendor.url.bug" value="https://github.com/microsoft/openjdk/issues"/>
    <property name="java.io.tmpdir" value="/tmp"/>
    <property name="java.version" value="21.0.7"/>
    <property name="user.dir" value="/workspaces/OpenSearchVectorPilot/open-search-vector-pilot"/>
    <property name="os.arch" value="amd64"/>
    <property name="java.vm.specification.name" value="Java Virtual Machine Specification"/>
    <property name="native.encoding" value="UTF-8"/>
    <property name="java.library.path" value="/usr/java/packages/lib:/usr/lib64:/lib64:/lib:/usr/lib"/>
    <property name="java.vm.info" value="mixed mode, sharing"/>
    <property name="stderr.encoding" value="UTF-8"/>
    <property name="java.vendor" value="Microsoft"/>
    <property name="java.vm.version" value="21.0.7+6-LTS"/>
    <property name="sun.io.unicode.encoding" value="UnicodeLittle"/>
    <property name="java.class.version" value="65.0"/>
  </properties>
  <testcase name="shouldAnswerWithTrue" classname="com.example.app.AppTest" time="0.044"/>
</testsuite>